<?xml version="1.0" encoding="UTF-8"?>
<!-- Generated by org.testng.reporters.JUnitReportReporter -->
<testsuite skipped="0" hostname="susee-desktop" name="com.test.TestNGFeatures" tests="1" failures="0" timestamp="19 May 2018 17:07:49 GMT" time="0.001" errors="0">
  <testcase name="login" time="0.001" classname="com.test.TestNGFeatures"/>
</testsuite> <!-- com.test.TestNGFeatures -->
