<?xml version="1.0" encoding="UTF-8"?>
<!-- Generated by org.testng.reporters.JUnitReportReporter -->
<testsuite skipped="0" hostname="susee-desktop" name="com.test.InvocationCountTest" tests="10" failures="0" timestamp="19 May 2018 17:07:49 GMT" time="0.034" errors="0">
  <testcase name="count" time="0.001" classname="com.test.InvocationCountTest"/>
  <testcase name="count" time="0.004" classname="com.test.InvocationCountTest"/>
  <testcase name="count" time="0.006" classname="com.test.InvocationCountTest"/>
  <testcase name="count" time="0.001" classname="com.test.InvocationCountTest"/>
  <testcase name="count" time="0.001" classname="com.test.InvocationCountTest"/>
  <testcase name="count" time="0.002" classname="com.test.InvocationCountTest"/>
  <testcase name="count" time="0.002" classname="com.test.InvocationCountTest"/>
  <testcase name="count" time="0.007" classname="com.test.InvocationCountTest"/>
  <testcase name="count" time="0.002" classname="com.test.InvocationCountTest"/>
  <testcase name="count" time="0.008" classname="com.test.InvocationCountTest"/>
</testsuite> <!-- com.test.InvocationCountTest -->
