<?xml version="1.0" encoding="UTF-8"?>
<!-- Generated by org.testng.reporters.JUnitReportReporter -->
<testsuite skipped="0" hostname="LAPTOP-FCKSJAP5" name="seleniumTutorial.seleniumTutorials.ParallelTest" tests="3" failures="0" timestamp="28 Jul 2018 11:50:39 GMT" time="14.012" errors="0">
  <testcase name="sessionOne" time="2.769" classname="seleniumTutorial.seleniumTutorials.ParallelTest"/>
  <testcase name="sessionOne" time="5.299" classname="seleniumTutorial.seleniumTutorials.ParallelTest"/>
  <testcase name="sessionOne" time="5.944" classname="seleniumTutorial.seleniumTutorials.ParallelTest"/>
</testsuite> <!-- seleniumTutorial.seleniumTutorials.ParallelTest -->
