<?xml version="1.0" encoding="UTF-8"?>
<!-- Generated by org.testng.reporters.JUnitReportReporter -->
<testsuite skipped="0" hostname="susee-desktop" name="com.test.TestNGBasics" tests="4" failures="0" timestamp="19 May 2018 17:07:49 GMT" time="0.016" errors="0">
  <testcase name="fbTitleTest" time="0.003" classname="com.test.TestNGBasics"/>
  <testcase name="whatsappTitleTest" time="0.005" classname="com.test.TestNGBasics"/>
  <testcase name="googleTitleTest" time="0.006" classname="com.test.TestNGBasics"/>
  <testcase name="yahooTitleTest" time="0.002" classname="com.test.TestNGBasics"/>
</testsuite> <!-- com.test.TestNGBasics -->
