<?xml version="1.0" encoding="UTF-8"?>
<!-- Generated by org.testng.reporters.JUnitReportReporter -->
<testsuite skipped="0" hostname="LAPTOP-FCKSJAP5" name="seleniumTutorial.seleniumTutorials.WebTable2" tests="1" failures="0" timestamp="13 Dec 2018 05:20:35 GMT" time="13.372" errors="0">
  <testcase name="getContents" time="13.372" classname="seleniumTutorial.seleniumTutorials.WebTable2"/>
</testsuite> <!-- seleniumTutorial.seleniumTutorials.WebTable2 -->
