<?xml version="1.0" encoding="UTF-8"?>
<!-- Generated by org.testng.reporters.JUnitReportReporter -->
<testsuite skipped="0" hostname="susee-desktop" name="com.test.GoogleTest" tests="3" failures="0" timestamp="19 May 2018 14:54:31 GMT" time="7.953" errors="0">
  <testcase name="printTitle" time="2.340" classname="com.test.GoogleTest"/>
  <testcase name="logoTest" time="2.470" classname="com.test.GoogleTest"/>
  <testcase name="linkToMail" time="3.143" classname="com.test.GoogleTest"/>
</testsuite> <!-- com.test.GoogleTest -->
