<?xml version="1.0" encoding="UTF-8"?>
<!-- Generated by org.testng.reporters.JUnitReportReporter -->
<testsuite skipped="0" hostname="LAPTOP-FCKSJAP5" name="seleniumTutorial.seleniumTutorials.JSExecutor" tests="1" failures="0" timestamp="08 Aug 2018 15:38:39 GMT" time="10.130" errors="0">
  <testcase name="test2" time="10.130" classname="seleniumTutorial.seleniumTutorials.JSExecutor"/>
</testsuite> <!-- seleniumTutorial.seleniumTutorials.JSExecutor -->
